<?xml version="1.0" encoding="UTF-8"?>
<testng-results ignored="0" total="1" passed="1" failed="0" skipped="0">
  <reporter-output>
  </reporter-output>
  <suite started-at="2019-08-29T06:44:55Z" name="Suite1" finished-at="2019-08-29T06:49:21Z" duration-ms="265289">
    <groups>
    </groups>
    <test started-at="2019-08-29T06:44:55Z" name="My first test" finished-at="2019-08-29T06:49:21Z" duration-ms="265289">
      <class name="com.examples.LinksPrint2">
        <test-method is-config="true" signature="setUp()[pri:0, instance:com.examples.LinksPrint2@17c1bced]" started-at="2019-08-29T06:44:55Z" name="setUp" finished-at="2019-08-29T06:48:39Z" duration-ms="224130" status="PASS">
          <reporter-output>
          </reporter-output>
        </test-method> <!-- setUp -->
        <test-method signature="test2()[pri:0, instance:com.examples.LinksPrint2@17c1bced]" started-at="2019-08-29T06:48:39Z" name="test2" finished-at="2019-08-29T06:49:21Z" duration-ms="41124" status="PASS">
          <reporter-output>
          </reporter-output>
        </test-method> <!-- test2 -->
      </class> <!-- com.examples.LinksPrint2 -->
    </test> <!-- My first test -->
  </suite> <!-- Suite1 -->
</testng-results>
